out 03, 2021 11:33:52 AM br.com.hortifruti.projecaovendas.control.UserController doLogin
INFORMAÇÕES: Login bem sucedido para o username terc.rimolo.
out 03, 2021 11:34:00 AM br.com.hortifruti.projecaovendas.dao.MetaDAO getMetasAnuais
GRAVE: Falha ao recuperar Metas Anuais.
javax.persistence.PersistenceException: Exception [EclipseLink-4002] (Eclipse Persistence Services - 2.6.3.v20160428-59c81c5): org.eclipse.persistence.exceptions.DatabaseException
Internal Exception: java.sql.SQLException: Invalid object name 'VIEW_ATACADO_C'.
Error Code: 208
Call: SELECT M.*, ISNULL((SELECT SUM(FATURAMENTO) FROM VIEW_VENDA_TOTAL WITH (NOLOCK)WHERE YEAR(CAST(DATA_VEN as date)) = M.ano AND M.codLoja = FILIAL_VEN), 0) as valorRealizado,             F.NOME_FIL as nomeLoja,             ISNULL((SELECT SUM(CUPONS) FROM VIEW_VENDA_TOTAL WITH (NOLOCK)            WHERE YEAR(CAST(DATA_VEN as date)) = M.ano AND M.codLoja = FILIAL_VEN), 0) as clientesRealizado FROM PAN_METAS_ANUAIS M, FILIAL F WHERE M.codLoja = F.CODIGO_FIL       AND   M.ano = ?       AND M.codLoja NOT IN (3, 68)                                                   ORDER BY ano, codLoja
	bind => [1 parameter bound]
Query: ResultSetMappingQuery(sql="SELECT M.*, ISNULL((SELECT SUM(FATURAMENTO) FROM VIEW_VENDA_TOTAL WITH (NOLOCK)WHERE YEAR(CAST(DATA_VEN as date)) = M.ano AND M.codLoja = FILIAL_VEN), 0) as valorRealizado,             F.NOME_FIL as nomeLoja,             ISNULL((SELECT SUM(CUPONS) FROM VIEW_VENDA_TOTAL WITH (NOLOCK)            WHERE YEAR(CAST(DATA_VEN as date)) = M.ano AND M.codLoja = FILIAL_VEN), 0) as clientesRealizado FROM PAN_METAS_ANUAIS M, FILIAL F WHERE M.codLoja = F.CODIGO_FIL       AND   M.ano = ?       AND M.codLoja NOT IN (3, 68)                                                   ORDER BY ano, codLoja")
	at org.eclipse.persistence.internal.jpa.QueryImpl.getDetailedException(QueryImpl.java:382)
	at org.eclipse.persistence.internal.jpa.QueryImpl.executeReadQuery(QueryImpl.java:260)
	at org.eclipse.persistence.internal.jpa.QueryImpl.getResultList(QueryImpl.java:473)
	at br.com.hortifruti.projecaovendas.dao.MetaDAO.getMetasAnuais(MetaDAO.java:35)
	at br.com.hortifruti.projecaovendas.control.MetaController.getMetasAnuais(MetaController.java:22)
	at br.com.hortifruti.projecaovendas.view.MetasAnuaisView.refreshTable(MetasAnuaisView.java:421)
	at br.com.hortifruti.projecaovendas.view.MetasAnuaisView.lambda$new$61446b05$1(MetasAnuaisView.java:100)
	at sun.reflect.NativeMethodAccessorImpl.invoke0(Native Method)
	at sun.reflect.NativeMethodAccessorImpl.invoke(NativeMethodAccessorImpl.java:62)
	at sun.reflect.DelegatingMethodAccessorImpl.invoke(DelegatingMethodAccessorImpl.java:43)
	at java.lang.reflect.Method.invoke(Method.java:498)
	at com.vaadin.event.ListenerMethod.receiveEvent(ListenerMethod.java:510)
	at com.vaadin.event.EventRouter.fireEvent(EventRouter.java:200)
	at com.vaadin.event.EventRouter.fireEvent(EventRouter.java:163)
	at com.vaadin.server.AbstractClientConnector.fireEvent(AbstractClientConnector.java:1015)
	at com.vaadin.ui.Button.fireClick(Button.java:377)
	at com.vaadin.ui.Button$1.click(Button.java:54)
	at sun.reflect.NativeMethodAccessorImpl.invoke0(Native Method)
	at sun.reflect.NativeMethodAccessorImpl.invoke(NativeMethodAccessorImpl.java:62)
	at sun.reflect.DelegatingMethodAccessorImpl.invoke(DelegatingMethodAccessorImpl.java:43)
	at java.lang.reflect.Method.invoke(Method.java:498)
	at com.vaadin.server.ServerRpcManager.applyInvocation(ServerRpcManager.java:158)
	at com.vaadin.server.ServerRpcManager.applyInvocation(ServerRpcManager.java:119)
	at com.vaadin.server.communication.ServerRpcHandler.handleInvocation(ServerRpcHandler.java:437)
	at com.vaadin.server.communication.ServerRpcHandler.handleInvocations(ServerRpcHandler.java:402)
	at com.vaadin.server.communication.ServerRpcHandler.handleRpc(ServerRpcHandler.java:273)
	at com.vaadin.server.communication.UidlRequestHandler.synchronizedHandleRequest(UidlRequestHandler.java:90)
	at com.vaadin.server.SynchronizedRequestHandler.handleRequest(SynchronizedRequestHandler.java:41)
	at com.vaadin.server.VaadinService.handleRequest(VaadinService.java:1422)
	at com.vaadin.server.VaadinServlet.service(VaadinServlet.java:380)
	at javax.servlet.http.HttpServlet.service(HttpServlet.java:790)
	at org.eclipse.jetty.servlet.ServletHolder.handle(ServletHolder.java:769)
	at org.eclipse.jetty.servlet.ServletHandler$CachedChain.doFilter(ServletHandler.java:1667)
	at org.eclipse.jetty.websocket.server.WebSocketUpgradeFilter.doFilter(WebSocketUpgradeFilter.java:172)
	at org.eclipse.jetty.servlet.ServletHandler$CachedChain.doFilter(ServletHandler.java:1650)
	at org.eclipse.jetty.servlet.ServletHandler.doHandle(ServletHandler.java:583)
	at org.eclipse.jetty.server.handler.ScopedHandler.handle(ScopedHandler.java:143)
	at org.eclipse.jetty.security.SecurityHandler.handle(SecurityHandler.java:577)
	at org.eclipse.jetty.server.session.SessionHandler.doHandle(SessionHandler.java:223)
	at org.eclipse.jetty.server.handler.ContextHandler.doHandle(ContextHandler.java:1125)
	at org.eclipse.jetty.servlet.ServletHandler.doScope(ServletHandler.java:515)
	at org.eclipse.jetty.server.session.SessionHandler.doScope(SessionHandler.java:185)
	at org.eclipse.jetty.server.handler.ContextHandler.doScope(ContextHandler.java:1059)
	at org.eclipse.jetty.server.handler.ScopedHandler.handle(ScopedHandler.java:141)
	at org.eclipse.jetty.server.handler.ContextHandlerCollection.handle(ContextHandlerCollection.java:215)
	at org.eclipse.jetty.server.handler.HandlerCollection.handle(HandlerCollection.java:110)
	at org.eclipse.jetty.server.handler.HandlerWrapper.handle(HandlerWrapper.java:97)
	at org.eclipse.jetty.server.Server.handle(Server.java:497)
	at org.eclipse.jetty.server.HttpChannel.handle(HttpChannel.java:311)
	at org.eclipse.jetty.server.HttpConnection.onFillable(HttpConnection.java:248)
	at org.eclipse.jetty.io.AbstractConnection$2.run(AbstractConnection.java:540)
	at org.eclipse.jetty.util.thread.QueuedThreadPool.runJob(QueuedThreadPool.java:610)
	at org.eclipse.jetty.util.thread.QueuedThreadPool$3.run(QueuedThreadPool.java:539)
	at java.lang.Thread.run(Thread.java:748)
Caused by: Exception [EclipseLink-4002] (Eclipse Persistence Services - 2.6.3.v20160428-59c81c5): org.eclipse.persistence.exceptions.DatabaseException
Internal Exception: java.sql.SQLException: Invalid object name 'VIEW_ATACADO_C'.
Error Code: 208
Call: SELECT M.*, ISNULL((SELECT SUM(FATURAMENTO) FROM VIEW_VENDA_TOTAL WITH (NOLOCK)WHERE YEAR(CAST(DATA_VEN as date)) = M.ano AND M.codLoja = FILIAL_VEN), 0) as valorRealizado,             F.NOME_FIL as nomeLoja,             ISNULL((SELECT SUM(CUPONS) FROM VIEW_VENDA_TOTAL WITH (NOLOCK)            WHERE YEAR(CAST(DATA_VEN as date)) = M.ano AND M.codLoja = FILIAL_VEN), 0) as clientesRealizado FROM PAN_METAS_ANUAIS M, FILIAL F WHERE M.codLoja = F.CODIGO_FIL       AND   M.ano = ?       AND M.codLoja NOT IN (3, 68)                                                   ORDER BY ano, codLoja
	bind => [1 parameter bound]
Query: ResultSetMappingQuery(sql="SELECT M.*, ISNULL((SELECT SUM(FATURAMENTO) FROM VIEW_VENDA_TOTAL WITH (NOLOCK)WHERE YEAR(CAST(DATA_VEN as date)) = M.ano AND M.codLoja = FILIAL_VEN), 0) as valorRealizado,             F.NOME_FIL as nomeLoja,             ISNULL((SELECT SUM(CUPONS) FROM VIEW_VENDA_TOTAL WITH (NOLOCK)            WHERE YEAR(CAST(DATA_VEN as date)) = M.ano AND M.codLoja = FILIAL_VEN), 0) as clientesRealizado FROM PAN_METAS_ANUAIS M, FILIAL F WHERE M.codLoja = F.CODIGO_FIL       AND   M.ano = ?       AND M.codLoja NOT IN (3, 68)                                                   ORDER BY ano, codLoja")
	at org.eclipse.persistence.exceptions.DatabaseException.sqlException(DatabaseException.java:340)
	at org.eclipse.persistence.internal.databaseaccess.DatabaseAccessor.basicExecuteCall(DatabaseAccessor.java:684)
	at org.eclipse.persistence.internal.databaseaccess.DatabaseAccessor.executeCall(DatabaseAccessor.java:560)
	at org.eclipse.persistence.internal.sessions.AbstractSession.basicExecuteCall(AbstractSession.java:2056)
	at org.eclipse.persistence.sessions.server.ServerSession.executeCall(ServerSession.java:570)
	at org.eclipse.persistence.internal.queries.DatasourceCallQueryMechanism.executeCall(DatasourceCallQueryMechanism.java:242)
	at org.eclipse.persistence.internal.queries.DatasourceCallQueryMechanism.executeCall(DatasourceCallQueryMechanism.java:228)
	at org.eclipse.persistence.internal.queries.DatasourceCallQueryMechanism.executeSelectCall(DatasourceCallQueryMechanism.java:299)
	at org.eclipse.persistence.internal.queries.DatasourceCallQueryMechanism.executeSelect(DatasourceCallQueryMechanism.java:281)
	at org.eclipse.persistence.queries.ResultSetMappingQuery.executeDatabaseQuery(ResultSetMappingQuery.java:316)
	at org.eclipse.persistence.queries.DatabaseQuery.execute(DatabaseQuery.java:904)
	at org.eclipse.persistence.queries.DatabaseQuery.executeInUnitOfWork(DatabaseQuery.java:803)
	at org.eclipse.persistence.internal.sessions.UnitOfWorkImpl.internalExecuteQuery(UnitOfWorkImpl.java:2896)
	at org.eclipse.persistence.internal.sessions.AbstractSession.executeQuery(AbstractSession.java:1857)
	at org.eclipse.persistence.internal.sessions.AbstractSession.executeQuery(AbstractSession.java:1839)
	at org.eclipse.persistence.internal.sessions.AbstractSession.executeQuery(AbstractSession.java:1804)
	at org.eclipse.persistence.internal.jpa.QueryImpl.executeReadQuery(QueryImpl.java:258)
	... 52 more
Caused by: java.sql.SQLException: Invalid object name 'VIEW_ATACADO_C'.
	at net.sourceforge.jtds.jdbc.SQLDiagnostic.addDiagnostic(SQLDiagnostic.java:372)
	at net.sourceforge.jtds.jdbc.TdsCore.tdsErrorToken(TdsCore.java:2988)
	at net.sourceforge.jtds.jdbc.TdsCore.nextToken(TdsCore.java:2421)
	at net.sourceforge.jtds.jdbc.TdsCore.getMoreResults(TdsCore.java:671)
	at net.sourceforge.jtds.jdbc.JtdsStatement.executeSQLQuery(JtdsStatement.java:505)
	at net.sourceforge.jtds.jdbc.JtdsPreparedStatement.executeQuery(JtdsPreparedStatement.java:1029)
	at org.eclipse.persistence.internal.databaseaccess.DatabaseAccessor.executeSelect(DatabaseAccessor.java:1009)
	at org.eclipse.persistence.internal.databaseaccess.DatabaseAccessor.basicExecuteCall(DatabaseAccessor.java:644)
	... 67 more

out 03, 2021 11:36:19 AM br.com.hortifruti.projecaovendas.dao.MetaDAO getMetasMensais
GRAVE: Falha ao recuperar Metas Mensais.
javax.persistence.PersistenceException: Exception [EclipseLink-4002] (Eclipse Persistence Services - 2.6.3.v20160428-59c81c5): org.eclipse.persistence.exceptions.DatabaseException
Internal Exception: java.sql.SQLException: Invalid object name 'VIEW_ATACADO_C'.
Error Code: 208
Call:  DECLARE @ANO INT = ?;   DECLARE @MES INT = ?;      SELECT     M.*,     F.NOME_FIL                        [nomeLoja],     ISNULL(valorRealizado, 0)         [valorRealizado],     ISNULL(REAL.clientesRealizado, 0) [clientesRealizado],     ISNULL(MD.somaProporcaoDiaria, 0) [somaProporcaoDiaria],     ISNULL(MD.somaClientesDiario, 0)  [somaClientesDiario]      FROM PAN_METAS_MENSAIS M WITH ( NOLOCK )     JOIN FILIAL F WITH ( NOLOCK )       ON M.codLoja = F.CODIGO_FIL     LEFT OUTER JOIN     (SELECT        FILIAL_VEN,        SUM(FATURAMENTO) [valorRealizado],        SUM(CUPONS)      [clientesRealizado]      FROM VIEW_VENDA_TOTAL WITH ( NOLOCK )      WHERE YEAR(DATA_VEN) = @ANO            AND MONTH(DATA_VEN) = @MES      GROUP BY FILIAL_VEN) [REAL]       ON M.codLoja = REAL.FILIAL_VEN     LEFT OUTER JOIN     (SELECT        codLoja,        SUM(MD.proporcao) [somaProporcaoDiaria],        SUM(MD.clientes)  [somaClientesDiario]      FROM PAN_METAS_DIARIAS MD WITH ( NOLOCK )      WHERE YEAR(MD.dia) = @ANO            AND MONTH(MD.dia) = @MES      GROUP BY codLoja) [MD]       ON M.codLoja = MD.codLoja   WHERE M.ano = @ANO         AND M.mes = @MES         AND M.codLoja NOT IN (3, 68)   ORDER BY ano, codLoja
	bind => [2 parameters bound]
Query: ResultSetMappingQuery(sql=" DECLARE @ANO INT = ?;   DECLARE @MES INT = ?;      SELECT     M.*,     F.NOME_FIL                        [nomeLoja],     ISNULL(valorRealizado, 0)         [valorRealizado],     ISNULL(REAL.clientesRealizado, 0) [clientesRealizado],     ISNULL(MD.somaProporcaoDiaria, 0) [somaProporcaoDiaria],     ISNULL(MD.somaClientesDiario, 0)  [somaClientesDiario]      FROM PAN_METAS_MENSAIS M WITH ( NOLOCK )     JOIN FILIAL F WITH ( NOLOCK )       ON M.codLoja = F.CODIGO_FIL     LEFT OUTER JOIN     (SELECT        FILIAL_VEN,        SUM(FATURAMENTO) [valorRealizado],        SUM(CUPONS)      [clientesRealizado]      FROM VIEW_VENDA_TOTAL WITH ( NOLOCK )      WHERE YEAR(DATA_VEN) = @ANO            AND MONTH(DATA_VEN) = @MES      GROUP BY FILIAL_VEN) [REAL]       ON M.codLoja = REAL.FILIAL_VEN     LEFT OUTER JOIN     (SELECT        codLoja,        SUM(MD.proporcao) [somaProporcaoDiaria],        SUM(MD.clientes)  [somaClientesDiario]      FROM PAN_METAS_DIARIAS MD WITH ( NOLOCK )      WHERE YEAR(MD.dia) = @ANO            AND MONTH(MD.dia) = @MES      GROUP BY codLoja) [MD]       ON M.codLoja = MD.codLoja   WHERE M.ano = @ANO         AND M.mes = @MES         AND M.codLoja NOT IN (3, 68)   ORDER BY ano, codLoja")
	at org.eclipse.persistence.internal.jpa.QueryImpl.getDetailedException(QueryImpl.java:382)
	at org.eclipse.persistence.internal.jpa.QueryImpl.executeReadQuery(QueryImpl.java:260)
	at org.eclipse.persistence.internal.jpa.QueryImpl.getResultList(QueryImpl.java:473)
	at br.com.hortifruti.projecaovendas.dao.MetaDAO.getMetasMensais(MetaDAO.java:99)
	at br.com.hortifruti.projecaovendas.control.MetaController.getMetasMensais(MetaController.java:65)
	at br.com.hortifruti.projecaovendas.view.MetasMensaisView.refreshTable(MetasMensaisView.java:472)
	at br.com.hortifruti.projecaovendas.view.MetasMensaisView.lambda$new$61446b05$1(MetasMensaisView.java:124)
	at sun.reflect.NativeMethodAccessorImpl.invoke0(Native Method)
	at sun.reflect.NativeMethodAccessorImpl.invoke(NativeMethodAccessorImpl.java:62)
	at sun.reflect.DelegatingMethodAccessorImpl.invoke(DelegatingMethodAccessorImpl.java:43)
	at java.lang.reflect.Method.invoke(Method.java:498)
	at com.vaadin.event.ListenerMethod.receiveEvent(ListenerMethod.java:510)
	at com.vaadin.event.EventRouter.fireEvent(EventRouter.java:200)
	at com.vaadin.event.EventRouter.fireEvent(EventRouter.java:163)
	at com.vaadin.server.AbstractClientConnector.fireEvent(AbstractClientConnector.java:1015)
	at com.vaadin.ui.Button.fireClick(Button.java:377)
	at com.vaadin.ui.Button$1.click(Button.java:54)
	at sun.reflect.NativeMethodAccessorImpl.invoke0(Native Method)
	at sun.reflect.NativeMethodAccessorImpl.invoke(NativeMethodAccessorImpl.java:62)
	at sun.reflect.DelegatingMethodAccessorImpl.invoke(DelegatingMethodAccessorImpl.java:43)
	at java.lang.reflect.Method.invoke(Method.java:498)
	at com.vaadin.server.ServerRpcManager.applyInvocation(ServerRpcManager.java:158)
	at com.vaadin.server.ServerRpcManager.applyInvocation(ServerRpcManager.java:119)
	at com.vaadin.server.communication.ServerRpcHandler.handleInvocation(ServerRpcHandler.java:437)
	at com.vaadin.server.communication.ServerRpcHandler.handleInvocations(ServerRpcHandler.java:402)
	at com.vaadin.server.communication.ServerRpcHandler.handleRpc(ServerRpcHandler.java:273)
	at com.vaadin.server.communication.UidlRequestHandler.synchronizedHandleRequest(UidlRequestHandler.java:90)
	at com.vaadin.server.SynchronizedRequestHandler.handleRequest(SynchronizedRequestHandler.java:41)
	at com.vaadin.server.VaadinService.handleRequest(VaadinService.java:1422)
	at com.vaadin.server.VaadinServlet.service(VaadinServlet.java:380)
	at javax.servlet.http.HttpServlet.service(HttpServlet.java:790)
	at org.eclipse.jetty.servlet.ServletHolder.handle(ServletHolder.java:769)
	at org.eclipse.jetty.servlet.ServletHandler$CachedChain.doFilter(ServletHandler.java:1667)
	at org.eclipse.jetty.websocket.server.WebSocketUpgradeFilter.doFilter(WebSocketUpgradeFilter.java:172)
	at org.eclipse.jetty.servlet.ServletHandler$CachedChain.doFilter(ServletHandler.java:1650)
	at org.eclipse.jetty.servlet.ServletHandler.doHandle(ServletHandler.java:583)
	at org.eclipse.jetty.server.handler.ScopedHandler.handle(ScopedHandler.java:143)
	at org.eclipse.jetty.security.SecurityHandler.handle(SecurityHandler.java:577)
	at org.eclipse.jetty.server.session.SessionHandler.doHandle(SessionHandler.java:223)
	at org.eclipse.jetty.server.handler.ContextHandler.doHandle(ContextHandler.java:1125)
	at org.eclipse.jetty.servlet.ServletHandler.doScope(ServletHandler.java:515)
	at org.eclipse.jetty.server.session.SessionHandler.doScope(SessionHandler.java:185)
	at org.eclipse.jetty.server.handler.ContextHandler.doScope(ContextHandler.java:1059)
	at org.eclipse.jetty.server.handler.ScopedHandler.handle(ScopedHandler.java:141)
	at org.eclipse.jetty.server.handler.ContextHandlerCollection.handle(ContextHandlerCollection.java:215)
	at org.eclipse.jetty.server.handler.HandlerCollection.handle(HandlerCollection.java:110)
	at org.eclipse.jetty.server.handler.HandlerWrapper.handle(HandlerWrapper.java:97)
	at org.eclipse.jetty.server.Server.handle(Server.java:497)
	at org.eclipse.jetty.server.HttpChannel.handle(HttpChannel.java:311)
	at org.eclipse.jetty.server.HttpConnection.onFillable(HttpConnection.java:248)
	at org.eclipse.jetty.io.AbstractConnection$2.run(AbstractConnection.java:540)
	at org.eclipse.jetty.util.thread.QueuedThreadPool.runJob(QueuedThreadPool.java:610)
	at org.eclipse.jetty.util.thread.QueuedThreadPool$3.run(QueuedThreadPool.java:539)
	at java.lang.Thread.run(Thread.java:748)
Caused by: Exception [EclipseLink-4002] (Eclipse Persistence Services - 2.6.3.v20160428-59c81c5): org.eclipse.persistence.exceptions.DatabaseException
Internal Exception: java.sql.SQLException: Invalid object name 'VIEW_ATACADO_C'.
Error Code: 208
Call:  DECLARE @ANO INT = ?;   DECLARE @MES INT = ?;      SELECT     M.*,     F.NOME_FIL                        [nomeLoja],     ISNULL(valorRealizado, 0)         [valorRealizado],     ISNULL(REAL.clientesRealizado, 0) [clientesRealizado],     ISNULL(MD.somaProporcaoDiaria, 0) [somaProporcaoDiaria],     ISNULL(MD.somaClientesDiario, 0)  [somaClientesDiario]      FROM PAN_METAS_MENSAIS M WITH ( NOLOCK )     JOIN FILIAL F WITH ( NOLOCK )       ON M.codLoja = F.CODIGO_FIL     LEFT OUTER JOIN     (SELECT        FILIAL_VEN,        SUM(FATURAMENTO) [valorRealizado],        SUM(CUPONS)      [clientesRealizado]      FROM VIEW_VENDA_TOTAL WITH ( NOLOCK )      WHERE YEAR(DATA_VEN) = @ANO            AND MONTH(DATA_VEN) = @MES      GROUP BY FILIAL_VEN) [REAL]       ON M.codLoja = REAL.FILIAL_VEN     LEFT OUTER JOIN     (SELECT        codLoja,        SUM(MD.proporcao) [somaProporcaoDiaria],        SUM(MD.clientes)  [somaClientesDiario]      FROM PAN_METAS_DIARIAS MD WITH ( NOLOCK )      WHERE YEAR(MD.dia) = @ANO            AND MONTH(MD.dia) = @MES      GROUP BY codLoja) [MD]       ON M.codLoja = MD.codLoja   WHERE M.ano = @ANO         AND M.mes = @MES         AND M.codLoja NOT IN (3, 68)   ORDER BY ano, codLoja
	bind => [2 parameters bound]
Query: ResultSetMappingQuery(sql=" DECLARE @ANO INT = ?;   DECLARE @MES INT = ?;      SELECT     M.*,     F.NOME_FIL                        [nomeLoja],     ISNULL(valorRealizado, 0)         [valorRealizado],     ISNULL(REAL.clientesRealizado, 0) [clientesRealizado],     ISNULL(MD.somaProporcaoDiaria, 0) [somaProporcaoDiaria],     ISNULL(MD.somaClientesDiario, 0)  [somaClientesDiario]      FROM PAN_METAS_MENSAIS M WITH ( NOLOCK )     JOIN FILIAL F WITH ( NOLOCK )       ON M.codLoja = F.CODIGO_FIL     LEFT OUTER JOIN     (SELECT        FILIAL_VEN,        SUM(FATURAMENTO) [valorRealizado],        SUM(CUPONS)      [clientesRealizado]      FROM VIEW_VENDA_TOTAL WITH ( NOLOCK )      WHERE YEAR(DATA_VEN) = @ANO            AND MONTH(DATA_VEN) = @MES      GROUP BY FILIAL_VEN) [REAL]       ON M.codLoja = REAL.FILIAL_VEN     LEFT OUTER JOIN     (SELECT        codLoja,        SUM(MD.proporcao) [somaProporcaoDiaria],        SUM(MD.clientes)  [somaClientesDiario]      FROM PAN_METAS_DIARIAS MD WITH ( NOLOCK )      WHERE YEAR(MD.dia) = @ANO            AND MONTH(MD.dia) = @MES      GROUP BY codLoja) [MD]       ON M.codLoja = MD.codLoja   WHERE M.ano = @ANO         AND M.mes = @MES         AND M.codLoja NOT IN (3, 68)   ORDER BY ano, codLoja")
	at org.eclipse.persistence.exceptions.DatabaseException.sqlException(DatabaseException.java:340)
	at org.eclipse.persistence.internal.databaseaccess.DatabaseAccessor.basicExecuteCall(DatabaseAccessor.java:684)
	at org.eclipse.persistence.internal.databaseaccess.DatabaseAccessor.executeCall(DatabaseAccessor.java:560)
	at org.eclipse.persistence.internal.sessions.AbstractSession.basicExecuteCall(AbstractSession.java:2056)
	at org.eclipse.persistence.sessions.server.ServerSession.executeCall(ServerSession.java:570)
	at org.eclipse.persistence.internal.queries.DatasourceCallQueryMechanism.executeCall(DatasourceCallQueryMechanism.java:242)
	at org.eclipse.persistence.internal.queries.DatasourceCallQueryMechanism.executeCall(DatasourceCallQueryMechanism.java:228)
	at org.eclipse.persistence.internal.queries.DatasourceCallQueryMechanism.executeSelectCall(DatasourceCallQueryMechanism.java:299)
	at org.eclipse.persistence.internal.queries.DatasourceCallQueryMechanism.executeSelect(DatasourceCallQueryMechanism.java:281)
	at org.eclipse.persistence.queries.ResultSetMappingQuery.executeDatabaseQuery(ResultSetMappingQuery.java:316)
	at org.eclipse.persistence.queries.DatabaseQuery.execute(DatabaseQuery.java:904)
	at org.eclipse.persistence.queries.DatabaseQuery.executeInUnitOfWork(DatabaseQuery.java:803)
	at org.eclipse.persistence.internal.sessions.UnitOfWorkImpl.internalExecuteQuery(UnitOfWorkImpl.java:2896)
	at org.eclipse.persistence.internal.sessions.AbstractSession.executeQuery(AbstractSession.java:1857)
	at org.eclipse.persistence.internal.sessions.AbstractSession.executeQuery(AbstractSession.java:1839)
	at org.eclipse.persistence.internal.sessions.AbstractSession.executeQuery(AbstractSession.java:1804)
	at org.eclipse.persistence.internal.jpa.QueryImpl.executeReadQuery(QueryImpl.java:258)
	... 52 more
Caused by: java.sql.SQLException: Invalid object name 'VIEW_ATACADO_C'.
	at net.sourceforge.jtds.jdbc.SQLDiagnostic.addDiagnostic(SQLDiagnostic.java:372)
	at net.sourceforge.jtds.jdbc.TdsCore.tdsErrorToken(TdsCore.java:2988)
	at net.sourceforge.jtds.jdbc.TdsCore.nextToken(TdsCore.java:2421)
	at net.sourceforge.jtds.jdbc.TdsCore.getMoreResults(TdsCore.java:671)
	at net.sourceforge.jtds.jdbc.JtdsStatement.executeSQLQuery(JtdsStatement.java:505)
	at net.sourceforge.jtds.jdbc.JtdsPreparedStatement.executeQuery(JtdsPreparedStatement.java:1029)
	at org.eclipse.persistence.internal.databaseaccess.DatabaseAccessor.executeSelect(DatabaseAccessor.java:1009)
	at org.eclipse.persistence.internal.databaseaccess.DatabaseAccessor.basicExecuteCall(DatabaseAccessor.java:644)
	... 67 more

